# JRE version: Java(TM) SE Runtime Environment (25.0.1+8) (build 25.0.1+8-LTS-27)
# Java VM: Java HotSpot(TM) 64-Bit Server VM (25.0.1+8-LTS-27, mixed mode, sharing, tiered, compressed oops, compressed class ptrs, g1 gc, windows-amd64)
GC Precious Log:
 CardTable entry size: 512
 Card Set container configuration: InlinePtr #cards 4 size 8 Array Of Cards #cards 16 size 48 Howl #buckets 8 coarsen threshold 3686 Howl Bitmap #cards 512 size 80 coarsen threshold 460 Card regions per heap region 1 cards per card region 4096
 CPUs: 12 total, 12 available
 Memory: 16068M
 Large Page Support: Disabled
 NUMA Support: Disabled
 Compressed Oops: Enabled (Zero based)
 Heap Region Size: 2M
 Heap Min Capacity: 8M
 Heap Initial Capacity: 252M
 Heap Max Capacity: 4018M
 Pre-touch: Disabled
 Parallel Workers: 10
 Concurrent Workers: 3
 Concurrent Refinement Workers: 10
 Periodic GC: Disabled
Heap:
 garbage-first heap   total reserved 4114432K, committed 313344K, used 139966K [0x0000000704e00000, 0x0000000800000000)
  region size 2048K, 5 young (10240K), 4 survivors (8192K)
GC Heap Usage History (18 events):
Event: 0.678 {heap Before GC invocations=0 (full 0):
 garbage-first heap   total reserved 4114432K, committed 260096K, used 85141K [0x0000000704e00000, 0x0000000800000000)
  region size 2048K, 24 young (49152K), 0 survivors (0K)
}
Event: 0.692 {heap After GC invocations=1 (full 0):
 garbage-first heap   total reserved 4114432K, committed 260096K, used 42005K [0x0000000704e00000, 0x0000000800000000)
  region size 2048K, 2 young (4096K), 2 survivors (4096K)
}
Event: 2.370 {heap Before GC invocations=1 (full 0):
 garbage-first heap   total reserved 4114432K, committed 260096K, used 203797K [0x0000000704e00000, 0x0000000800000000)
  region size 2048K, 49 young (100352K), 2 survivors (4096K)
}
Event: 2.390 {heap After GC invocations=2 (full 0):
 garbage-first heap   total reserved 4114432K, committed 260096K, used 113547K [0x0000000704e00000, 0x0000000800000000)
  region size 2048K, 4 young (8192K), 4 survivors (8192K)
}
Event: 2.673 {heap Before GC invocations=2 (full 0):
 garbage-first heap   total reserved 4114432K, committed 260096K, used 199563K [0x0000000704e00000, 0x0000000800000000)
  region size 2048K, 46 young (94208K), 4 survivors (8192K)
}
Event: 2.677 {heap After GC invocations=3 (full 0):
 garbage-first heap   total reserved 4114432K, committed 260096K, used 112336K [0x0000000704e00000, 0x0000000800000000)
  region size 2048K, 4 young (8192K), 4 survivors (8192K)
}
Event: 2.971 {heap Before GC invocations=3 (full 0):
 garbage-first heap   total reserved 4114432K, committed 260096K, used 210640K [0x0000000704e00000, 0x0000000800000000)
  region size 2048K, 52 young (106496K), 4 survivors (8192K)
}
Event: 2.976 {heap After GC invocations=4 (full 0):
 garbage-first heap   total reserved 4114432K, committed 260096K, used 112241K [0x0000000704e00000, 0x0000000800000000)
  region size 2048K, 4 young (8192K), 4 survivors (8192K)
}
Event: 1086.498 {heap Before GC invocations=4 (full 0):
 garbage-first heap   total reserved 4114432K, committed 260096K, used 181873K [0x0000000704e00000, 0x0000000800000000)
  region size 2048K, 35 young (71680K), 4 survivors (8192K)
}
Event: 1086.518 {heap After GC invocations=5 (full 0):
 garbage-first heap   total reserved 4114432K, committed 313344K, used 122295K [0x0000000704e00000, 0x0000000800000000)
  region size 2048K, 5 young (10240K), 5 survivors (10240K)
}
Event: 1099.217 {heap Before GC invocations=5 (full 0):
 garbage-first heap   total reserved 4114432K, committed 313344K, used 146871K [0x0000000704e00000, 0x0000000800000000)
  region size 2048K, 6 young (12288K), 5 survivors (10240K)
}
Event: 1099.238 {heap After GC invocations=6 (full 0):
 garbage-first heap   total reserved 4114432K, committed 313344K, used 146200K [0x0000000704e00000, 0x0000000800000000)
  region size 2048K, 4 young (8192K), 4 survivors (8192K)
}
Event: 1099.241 {heap Before GC invocations=6 (full 0):
 garbage-first heap   total reserved 4114432K, committed 313344K, used 150296K [0x0000000704e00000, 0x0000000800000000)
  region size 2048K, 5 young (10240K), 4 survivors (8192K)
}
Event: 1099.259 {heap After GC invocations=7 (full 0):
 garbage-first heap   total reserved 4114432K, committed 313344K, used 144170K [0x0000000704e00000, 0x0000000800000000)
  region size 2048K, 4 young (8192K), 4 survivors (8192K)
}
Event: 1103.143 {heap Before GC invocations=7 (full 0):
 garbage-first heap   total reserved 4114432K, committed 313344K, used 150314K [0x0000000704e00000, 0x0000000800000000)
  region size 2048K, 5 young (10240K), 4 survivors (8192K)
}
Event: 1103.149 {heap After GC invocations=8 (full 0):
 garbage-first heap   total reserved 4114432K, committed 313344K, used 143741K [0x0000000704e00000, 0x0000000800000000)
  region size 2048K, 4 young (8192K), 4 survivors (8192K)
}
Event: 1174.415 {heap Before GC invocations=8 (full 0):
 garbage-first heap   total reserved 4114432K, committed 313344K, used 153981K [0x0000000704e00000, 0x0000000800000000)
  region size 2048K, 6 young (12288K), 4 survivors (8192K)
}
Event: 1174.439 {heap After GC invocations=9 (full 0):
 garbage-first heap   total reserved 4114432K, committed 313344K, used 113342K [0x0000000704e00000, 0x0000000800000000)
  region size 2048K, 4 young (8192K), 4 survivors (8192K)
}

